Arguments: 
  /Users/brett.yoncak/.nvm/versions/node/v16.15.1/bin/node /Users/brett.yoncak/.node/corepack/yarn/1.22.15/bin/yarn.js add firebase

PATH: 
  /Users/brett.yoncak/.nvm/versions/node/v16.15.1/bin:/opt/local/bin:/opt/local/sbin:/usr/local/bin:/usr/bin:/bin:/usr/sbin:/sbin

Yarn version: 
  1.22.15

Node version: 
  16.15.1

Platform: 
  darwin x64

Trace: 
  Error: https://registry.yarnpkg.com/vue: ETIMEDOUT
      at Timeout._onTimeout (/Users/brett.yoncak/.node/corepack/yarn/1.22.15/lib/cli.js:141545:19)
      at listOnTimeout (node:internal/timers:559:17)
      at processTimers (node:internal/timers:502:7)

npm manifest: 
  {
    "name": "first-todo-attempt",
    "version": "0.0.0",
    "scripts": {
      "dev": "vite",
      "build": "vite build",
      "preview": "vite preview --port 4173",
      "lint": "eslint . --ext .vue,.js,.jsx,.cjs,.mjs --fix --ignore-path .gitignore"
    },
    "dependencies": {
      "vue": "^3.2.37",
      "vue-router": "^4.1.2"
    },
    "devDependencies": {
      "@rushstack/eslint-patch": "^1.1.0",
      "@vitejs/plugin-vue": "^3.0.1",
      "@vue/eslint-config-prettier": "^7.0.0",
      "eslint": "^8.5.0",
      "eslint-plugin-vue": "^9.0.0",
      "prettier": "^2.5.1",
      "vite": "^3.0.1"
    }
  }

yarn manifest: 
  No manifest

Lockfile: 
  No lockfile
